# JRE version: Java(TM) SE Runtime Environment (8.0_92-b14) (build 1.8.0_92-b14)
# Java VM: Java HotSpot(TM) 64-Bit Server VM (25.92-b14 mixed mode bsd-amd64 compressed oops)
Heap:
 PSYoungGen      total 63488K, used 21980K [0x0000000795580000, 0x000000079ac80000, 0x00000007c0000000)
  eden space 41984K, 7% used [0x0000000795580000,0x00000007958af370,0x0000000797e80000)
  from space 21504K, 87% used [0x0000000797f00000,0x0000000799148000,0x0000000799400000)
  to   space 23552K, 0% used [0x0000000799580000,0x0000000799580000,0x000000079ac80000)
 ParOldGen       total 76800K, used 20315K [0x0000000740000000, 0x0000000744b00000, 0x0000000795580000)
  object space 76800K, 26% used [0x0000000740000000,0x00000007413d6df0,0x0000000744b00000)
 Metaspace       used 26482K, capacity 28366K, committed 28544K, reserved 1073152K
  class space    used 3532K, capacity 3882K, committed 3968K, reserved 1048576K
GC Heap History (10 events):
Event: 237.119 GC heap before
{Heap before GC invocations=6 (full 1):
 PSYoungGen      total 38400K, used 38400K [0x0000000795580000, 0x0000000798b80000, 0x00000007c0000000)
  eden space 33280K, 100% used [0x0000000795580000,0x0000000797600000,0x0000000797600000)
  from space 5120K, 100% used [0x0000000798680000,0x0000000798b80000,0x0000000798b80000)
  to   space 5120K, 0% used [0x0000000797600000,0x0000000797600000,0x0000000797b00000)
 ParOldGen       total 76800K, used 13267K [0x0000000740000000, 0x0000000744b00000, 0x0000000795580000)
  object space 76800K, 17% used [0x0000000740000000,0x0000000740cf4f28,0x0000000744b00000)
 Metaspace       used 25734K, capacity 27558K, committed 27648K, reserved 1073152K
  class space    used 3497K, capacity 3810K, committed 3840K, reserved 1048576K
Event: 237.140 GC heap after
Heap after GC invocations=6 (full 1):
 PSYoungGen      total 37888K, used 5120K [0x0000000795580000, 0x0000000799680000, 0x00000007c0000000)
  eden space 32768K, 0% used [0x0000000795580000,0x0000000795580000,0x0000000797580000)
  from space 5120K, 100% used [0x0000000797600000,0x0000000797b00000,0x0000000797b00000)
  to   space 16896K, 0% used [0x0000000798600000,0x0000000798600000,0x0000000799680000)
 ParOldGen       total 76800K, used 19899K [0x0000000740000000, 0x0000000744b00000, 0x0000000795580000)
  object space 76800K, 25% used [0x0000000740000000,0x000000074136edf0,0x0000000744b00000)
 Metaspace       used 25734K, capacity 27558K, committed 27648K, reserved 1073152K
  class space    used 3497K, capacity 3810K, committed 3840K, reserved 1048576K
}
Event: 504.740 GC heap before
{Heap before GC invocations=7 (full 1):
 PSYoungGen      total 37888K, used 37888K [0x0000000795580000, 0x0000000799680000, 0x00000007c0000000)
  eden space 32768K, 100% used [0x0000000795580000,0x0000000797580000,0x0000000797580000)
  from space 5120K, 100% used [0x0000000797600000,0x0000000797b00000,0x0000000797b00000)
  to   space 16896K, 0% used [0x0000000798600000,0x0000000798600000,0x0000000799680000)
 ParOldGen       total 76800K, used 19899K [0x0000000740000000, 0x0000000744b00000, 0x0000000795580000)
  object space 76800K, 25% used [0x0000000740000000,0x000000074136edf0,0x0000000744b00000)
 Metaspace       used 26249K, capacity 28142K, committed 28288K, reserved 1073152K
  class space    used 3517K, capacity 3850K, committed 3968K, reserved 1048576K
Event: 504.755 GC heap after
Heap after GC invocations=7 (full 1):
 PSYoungGen      total 46592K, used 8992K [0x0000000795580000, 0x0000000799400000, 0x00000007c0000000)
  eden space 32256K, 0% used [0x0000000795580000,0x0000000795580000,0x0000000797500000)
  from space 14336K, 62% used [0x0000000798600000,0x0000000798ec8000,0x0000000799400000)
  to   space 15872K, 0% used [0x0000000797500000,0x0000000797500000,0x0000000798480000)
 ParOldGen       total 76800K, used 19899K [0x0000000740000000, 0x0000000744b00000, 0x0000000795580000)
  object space 76800K, 25% used [0x0000000740000000,0x000000074136edf0,0x0000000744b00000)
 Metaspace       used 26249K, capacity 28142K, committed 28288K, reserved 1073152K
  class space    used 3517K, capacity 3850K, committed 3968K, reserved 1048576K
}
Event: 505.281 GC heap before
{Heap before GC invocations=8 (full 1):
 PSYoungGen      total 46592K, used 41248K [0x0000000795580000, 0x0000000799400000, 0x00000007c0000000)
  eden space 32256K, 100% used [0x0000000795580000,0x0000000797500000,0x0000000797500000)
  from space 14336K, 62% used [0x0000000798600000,0x0000000798ec8000,0x0000000799400000)
  to   space 15872K, 0% used [0x0000000797500000,0x0000000797500000,0x0000000798480000)
 ParOldGen       total 76800K, used 19899K [0x0000000740000000, 0x0000000744b00000, 0x0000000795580000)
  object space 76800K, 25% used [0x0000000740000000,0x000000074136edf0,0x0000000744b00000)
 Metaspace       used 26256K, capacity 28142K, committed 28288K, reserved 1073152K
  class space    used 3517K, capacity 3850K, committed 3968K, reserved 1048576K
Event: 505.296 GC heap after
Heap after GC invocations=8 (full 1):
 PSYoungGen      total 48128K, used 14720K [0x0000000795580000, 0x000000079a600000, 0x00000007c0000000)
  eden space 32256K, 0% used [0x0000000795580000,0x0000000795580000,0x0000000797500000)
  from space 15872K, 92% used [0x0000000797500000,0x0000000798360000,0x0000000798480000)
  to   space 18432K, 0% used [0x0000000799400000,0x0000000799400000,0x000000079a600000)
 ParOldGen       total 76800K, used 19907K [0x0000000740000000, 0x0000000744b00000, 0x0000000795580000)
  object space 76800K, 25% used [0x0000000740000000,0x0000000741370df0,0x0000000744b00000)
 Metaspace       used 26256K, capacity 28142K, committed 28288K, reserved 1073152K
  class space    used 3517K, capacity 3850K, committed 3968K, reserved 1048576K
}
Event: 507.250 GC heap before
{Heap before GC invocations=9 (full 1):
 PSYoungGen      total 48128K, used 46976K [0x0000000795580000, 0x000000079a600000, 0x00000007c0000000)
  eden space 32256K, 100% used [0x0000000795580000,0x0000000797500000,0x0000000797500000)
  from space 15872K, 92% used [0x0000000797500000,0x0000000798360000,0x0000000798480000)
  to   space 18432K, 0% used [0x0000000799400000,0x0000000799400000,0x000000079a600000)
 ParOldGen       total 76800K, used 19907K [0x0000000740000000, 0x0000000744b00000, 0x0000000795580000)
  object space 76800K, 25% used [0x0000000740000000,0x0000000741370df0,0x0000000744b00000)
 Metaspace       used 26284K, capacity 28206K, committed 28544K, reserved 1073152K
  class space    used 3519K, capacity 3850K, committed 3968K, reserved 1048576K
Event: 507.276 GC heap after
Heap after GC invocations=9 (full 1):
 PSYoungGen      total 60928K, used 18422K [0x0000000795580000, 0x000000079ac80000, 0x00000007c0000000)
  eden space 42496K, 0% used [0x0000000795580000,0x0000000795580000,0x0000000797f00000)
  from space 18432K, 99% used [0x0000000799400000,0x000000079a5fd820,0x000000079a600000)
  to   space 21504K, 0% used [0x0000000797f00000,0x0000000797f00000,0x0000000799400000)
 ParOldGen       total 76800K, used 20307K [0x0000000740000000, 0x0000000744b00000, 0x0000000795580000)
  object space 76800K, 26% used [0x0000000740000000,0x00000007413d4df0,0x0000000744b00000)
 Metaspace       used 26284K, capacity 28206K, committed 28544K, reserved 1073152K
  class space    used 3519K, capacity 3850K, committed 3968K, reserved 1048576K
}
Event: 518.068 GC heap before
{Heap before GC invocations=10 (full 1):
 PSYoungGen      total 60928K, used 60918K [0x0000000795580000, 0x000000079ac80000, 0x00000007c0000000)
  eden space 42496K, 100% used [0x0000000795580000,0x0000000797f00000,0x0000000797f00000)
  from space 18432K, 99% used [0x0000000799400000,0x000000079a5fd820,0x000000079a600000)
  to   space 21504K, 0% used [0x0000000797f00000,0x0000000797f00000,0x0000000799400000)
 ParOldGen       total 76800K, used 20307K [0x0000000740000000, 0x0000000744b00000, 0x0000000795580000)
  object space 76800K, 26% used [0x0000000740000000,0x00000007413d4df0,0x0000000744b00000)
 Metaspace       used 26449K, capacity 28366K, committed 28544K, reserved 1073152K
  class space    used 3529K, capacity 3882K, committed 3968K, reserved 1048576K
Event: 518.090 GC heap after
Heap after GC invocations=10 (full 1):
 PSYoungGen      total 63488K, used 18720K [0x0000000795580000, 0x000000079ac80000, 0x00000007c0000000)
  eden space 41984K, 0% used [0x0000000795580000,0x0000000795580000,0x0000000797e80000)
  from space 21504K, 87% used [0x0000000797f00000,0x0000000799148000,0x0000000799400000)
  to   space 23552K, 0% used [0x0000000799580000,0x0000000799580000,0x000000079ac80000)
 ParOldGen       total 76800K, used 20315K [0x0000000740000000, 0x0000000744b00000, 0x0000000795580000)
  object space 76800K, 26% used [0x0000000740000000,0x00000007413d6df0,0x0000000744b00000)
 Metaspace       used 26449K, capacity 28366K, committed 28544K, reserved 1073152K
  class space    used 3529K, capacity 3882K, committed 3968K, reserved 1048576K
}

