# JRE version: Java(TM) SE Runtime Environment (8.0_92-b14) (build 1.8.0_92-b14)
# Java VM: Java HotSpot(TM) 64-Bit Server VM (25.92-b14 mixed mode bsd-amd64 compressed oops)
Heap:
 PSYoungGen      total 75776K, used 41355K [0x0000000795580000, 0x000000079b080000, 0x00000007c0000000)
  eden space 63488K, 56% used [0x0000000795580000,0x00000007978ba288,0x0000000799380000)
  from space 12288K, 42% used [0x000000079a480000,0x000000079a9a89a8,0x000000079b080000)
  to   space 14848K, 0% used [0x0000000799380000,0x0000000799380000,0x000000079a200000)
 ParOldGen       total 76800K, used 25635K [0x0000000740000000, 0x0000000744b00000, 0x0000000795580000)
  object space 76800K, 33% used [0x0000000740000000,0x0000000741908cf8,0x0000000744b00000)
 Metaspace       used 23480K, capacity 25332K, committed 25600K, reserved 1071104K
  class space    used 3229K, capacity 3558K, committed 3584K, reserved 1048576K
GC Heap History (10 events):
Event: 2.818 GC heap before
{Heap before GC invocations=3 (full 1):
 PSYoungGen      total 38400K, used 5102K [0x0000000795580000, 0x0000000798000000, 0x00000007c0000000)
  eden space 33280K, 0% used [0x0000000795580000,0x0000000795580000,0x0000000797600000)
  from space 5120K, 99% used [0x0000000797b00000,0x0000000797ffba78,0x0000000798000000)
  to   space 5120K, 0% used [0x0000000797600000,0x0000000797600000,0x0000000797b00000)
 ParOldGen       total 87552K, used 9006K [0x0000000740000000, 0x0000000745580000, 0x0000000795580000)
  object space 87552K, 10% used [0x0000000740000000,0x00000007408cbbe0,0x0000000745580000)
 Metaspace       used 19953K, capacity 21240K, committed 21296K, reserved 1067008K
  class space    used 2921K, capacity 3190K, committed 3200K, reserved 1048576K
Event: 2.860 GC heap after
Heap after GC invocations=3 (full 1):
 PSYoungGen      total 38400K, used 0K [0x0000000795580000, 0x0000000798000000, 0x00000007c0000000)
  eden space 33280K, 0% used [0x0000000795580000,0x0000000795580000,0x0000000797600000)
  from space 5120K, 0% used [0x0000000797b00000,0x0000000797b00000,0x0000000798000000)
  to   space 5120K, 0% used [0x0000000797600000,0x0000000797600000,0x0000000797b00000)
 ParOldGen       total 76800K, used 12019K [0x0000000740000000, 0x0000000744b00000, 0x0000000795580000)
  object space 76800K, 15% used [0x0000000740000000,0x0000000740bbcd60,0x0000000744b00000)
 Metaspace       used 19953K, capacity 21240K, committed 21296K, reserved 1067008K
  class space    used 2921K, capacity 3190K, committed 3200K, reserved 1048576K
}
Event: 12.325 GC heap before
{Heap before GC invocations=4 (full 1):
 PSYoungGen      total 38400K, used 33280K [0x0000000795580000, 0x0000000798000000, 0x00000007c0000000)
  eden space 33280K, 100% used [0x0000000795580000,0x0000000797600000,0x0000000797600000)
  from space 5120K, 0% used [0x0000000797b00000,0x0000000797b00000,0x0000000798000000)
  to   space 5120K, 0% used [0x0000000797600000,0x0000000797600000,0x0000000797b00000)
 ParOldGen       total 76800K, used 12019K [0x0000000740000000, 0x0000000744b00000, 0x0000000795580000)
  object space 76800K, 15% used [0x0000000740000000,0x0000000740bbcd60,0x0000000744b00000)
 Metaspace       used 21990K, capacity 23652K, committed 23808K, reserved 1069056K
  class space    used 3160K, capacity 3500K, committed 3584K, reserved 1048576K
Event: 12.335 GC heap after
Heap after GC invocations=4 (full 1):
 PSYoungGen      total 38400K, used 5090K [0x0000000795580000, 0x0000000798a80000, 0x00000007c0000000)
  eden space 33280K, 0% used [0x0000000795580000,0x0000000795580000,0x0000000797600000)
  from space 5120K, 99% used [0x0000000797600000,0x0000000797af89a8,0x0000000797b00000)
  to   space 5120K, 0% used [0x0000000798580000,0x0000000798580000,0x0000000798a80000)
 ParOldGen       total 76800K, used 14595K [0x0000000740000000, 0x0000000744b00000, 0x0000000795580000)
  object space 76800K, 19% used [0x0000000740000000,0x0000000740e40cf8,0x0000000744b00000)
 Metaspace       used 21990K, capacity 23652K, committed 23808K, reserved 1069056K
  class space    used 3160K, capacity 3500K, committed 3584K, reserved 1048576K
}
Event: 12.617 GC heap before
{Heap before GC invocations=5 (full 1):
 PSYoungGen      total 38400K, used 38370K [0x0000000795580000, 0x0000000798a80000, 0x00000007c0000000)
  eden space 33280K, 100% used [0x0000000795580000,0x0000000797600000,0x0000000797600000)
  from space 5120K, 99% used [0x0000000797600000,0x0000000797af89a8,0x0000000797b00000)
  to   space 5120K, 0% used [0x0000000798580000,0x0000000798580000,0x0000000798a80000)
 ParOldGen       total 76800K, used 14595K [0x0000000740000000, 0x0000000744b00000, 0x0000000795580000)
  object space 76800K, 19% used [0x0000000740000000,0x0000000740e40cf8,0x0000000744b00000)
 Metaspace       used 22206K, capacity 24034K, committed 24320K, reserved 1071104K
  class space    used 3187K, capacity 3521K, committed 3584K, reserved 1048576K
Event: 12.634 GC heap after
Heap after GC invocations=5 (full 1):
 PSYoungGen      total 49152K, used 5090K [0x0000000795580000, 0x0000000799280000, 0x00000007c0000000)
  eden space 44032K, 0% used [0x0000000795580000,0x0000000795580000,0x0000000798080000)
  from space 5120K, 99% used [0x0000000798580000,0x0000000798a789a8,0x0000000798a80000)
  to   space 5120K, 0% used [0x0000000798080000,0x0000000798080000,0x0000000798580000)
 ParOldGen       total 76800K, used 21139K [0x0000000740000000, 0x0000000744b00000, 0x0000000795580000)
  object space 76800K, 27% used [0x0000000740000000,0x00000007414a4cf8,0x0000000744b00000)
 Metaspace       used 22206K, capacity 24034K, committed 24320K, reserved 1071104K
  class space    used 3187K, capacity 3521K, committed 3584K, reserved 1048576K
}
Event: 20.843 GC heap before
{Heap before GC invocations=6 (full 1):
 PSYoungGen      total 49152K, used 49122K [0x0000000795580000, 0x0000000799280000, 0x00000007c0000000)
  eden space 44032K, 100% used [0x0000000795580000,0x0000000798080000,0x0000000798080000)
  from space 5120K, 99% used [0x0000000798580000,0x0000000798a789a8,0x0000000798a80000)
  to   space 5120K, 0% used [0x0000000798080000,0x0000000798080000,0x0000000798580000)
 ParOldGen       total 76800K, used 21139K [0x0000000740000000, 0x0000000744b00000, 0x0000000795580000)
  object space 76800K, 27% used [0x0000000740000000,0x00000007414a4cf8,0x0000000744b00000)
 Metaspace       used 22716K, capacity 24524K, committed 24576K, reserved 1071104K
  class space    used 3207K, capacity 3540K, committed 3584K, reserved 1048576K
Event: 20.858 GC heap after
Heap after GC invocations=6 (full 1):
 PSYoungGen      total 49152K, used 5090K [0x0000000795580000, 0x000000079b280000, 0x00000007c0000000)
  eden space 44032K, 0% used [0x0000000795580000,0x0000000795580000,0x0000000798080000)
  from space 5120K, 99% used [0x0000000798080000,0x00000007985789a8,0x0000000798580000)
  to   space 14336K, 0% used [0x000000079a480000,0x000000079a480000,0x000000079b280000)
 ParOldGen       total 76800K, used 25627K [0x0000000740000000, 0x0000000744b00000, 0x0000000795580000)
  object space 76800K, 33% used [0x0000000740000000,0x0000000741906cf8,0x0000000744b00000)
 Metaspace       used 22716K, capacity 24524K, committed 24576K, reserved 1071104K
  class space    used 3207K, capacity 3540K, committed 3584K, reserved 1048576K
}
Event: 102.166 GC heap before
{Heap before GC invocations=7 (full 1):
 PSYoungGen      total 49152K, used 49122K [0x0000000795580000, 0x000000079b280000, 0x00000007c0000000)
  eden space 44032K, 100% used [0x0000000795580000,0x0000000798080000,0x0000000798080000)
  from space 5120K, 99% used [0x0000000798080000,0x00000007985789a8,0x0000000798580000)
  to   space 14336K, 0% used [0x000000079a480000,0x000000079a480000,0x000000079b280000)
 ParOldGen       total 76800K, used 25627K [0x0000000740000000, 0x0000000744b00000, 0x0000000795580000)
  object space 76800K, 33% used [0x0000000740000000,0x0000000741906cf8,0x0000000744b00000)
 Metaspace       used 23008K, capacity 24844K, committed 25088K, reserved 1071104K
  class space    used 3208K, capacity 3540K, committed 3584K, reserved 1048576K
Event: 102.176 GC heap after
Heap after GC invocations=7 (full 1):
 PSYoungGen      total 75776K, used 5282K [0x0000000795580000, 0x000000079b080000, 0x00000007c0000000)
  eden space 63488K, 0% used [0x0000000795580000,0x0000000795580000,0x0000000799380000)
  from space 12288K, 42% used [0x000000079a480000,0x000000079a9a89a8,0x000000079b080000)
  to   space 14848K, 0% used [0x0000000799380000,0x0000000799380000,0x000000079a200000)
 ParOldGen       total 76800K, used 25635K [0x0000000740000000, 0x0000000744b00000, 0x0000000795580000)
  object space 76800K, 33% used [0x0000000740000000,0x0000000741908cf8,0x0000000744b00000)
 Metaspace       used 23008K, capacity 24844K, committed 25088K, reserved 1071104K
  class space    used 3208K, capacity 3540K, committed 3584K, reserved 1048576K
}

